<?xml version="1.0" encoding="utf-8"?>
<TestRun id="c27b8056-7b41-48ff-a630-7a463ff72606" name="ibenovic@SMART-HALL3 2025-11-18 13:14:11" runUser="INNO\ibenovic" xmlns="http://microsoft.com/schemas/VisualStudio/TeamTest/2010">
  <Times creation="2025-11-18T13:14:11.6176423+01:00" queuing="2025-11-18T13:14:11.6176424+01:00" start="2025-11-18T13:14:06.9958965+01:00" finish="2025-11-18T13:14:17.9936645+01:00" />
  <TestSettings name="default" id="86247867-2597-4425-a183-6d4f3abaa2b2">
    <Deployment runDeploymentRoot="ibenovic_SMART-HALL3_2025-11-18_13_14_11" />
  </TestSettings>
  <Results>
    <UnitTestResult executionId="b5fef32a-1d6a-42e8-ba76-7d0db02406f9" testId="1f1ce7ae-db3a-4b78-1133-133d29796d4e" testName="Kone.Api.Client.Tests.KoneApiTests.Test_Landing_Call_Up_Successful" computerName="SMART-HALL3" duration="00:00:01.0159124" startTime="2025-11-18T13:14:14.3775181+01:00" endTime="2025-11-18T13:14:14.3775183+01:00" testType="13cdc9d9-ddb5-4fa4-a97d-d965ccfc6d4b" outcome="Passed" testListId="8c84fa94-04c1-424b-9868-57a2d4851a1d" relativeResultsDirectory="b5fef32a-1d6a-42e8-ba76-7d0db02406f9">
      <Output>
        <StdOut>MESSAGE SEND&#xD;
{&#xD;
  "type": "lift-call-api-v2",&#xD;
  "buildingId": "building:4TFxWRCv23D",&#xD;
  "callType": "action",&#xD;
  "groupId": "1",&#xD;
  "payload": {&#xD;
    "request_id": 187145148,&#xD;
    "time": "2025-11-18T12:14:13.3618116Z",&#xD;
    "call": {&#xD;
      "action": 2001,&#xD;
      "destination": 0,&#xD;
      "group_size": 1,&#xD;
      "activate_call_states": []&#xD;
    },&#xD;
    "area": 1000,&#xD;
    "terminal": 0&#xD;
  }&#xD;
}&#xD;
--------------------------------&#xD;
MESSAGE SEND&#xD;
{&#xD;
  "type": "lift-call-api-v2",&#xD;
  "buildingId": "building:4TFxWRCv23D",&#xD;
  "callType": "action",&#xD;
  "groupId": "1",&#xD;
  "payload": {&#xD;
    "request_id": 187145148,&#xD;
    "time": "2025-11-18T12:14:13.3618116Z",&#xD;
    "call": {&#xD;
      "action": 2001,&#xD;
      "destination": 0,&#xD;
      "group_size": 1,&#xD;
      "activate_call_states": []&#xD;
    },&#xD;
    "area": 1000,&#xD;
    "terminal": 0&#xD;
  }&#xD;
}&#xD;
--------------------------------&#xD;
MESSAGE SEND&#xD;
{&#xD;
  "type": "lift-call-api-v2",&#xD;
  "buildingId": "building:4TFxWRCv23D",&#xD;
  "callType": "action",&#xD;
  "groupId": "1",&#xD;
  "payload": {&#xD;
    "request_id": 187145148,&#xD;
    "time": "2025-11-18T12:14:13.3618116Z",&#xD;
    "call": {&#xD;
      "action": 2001,&#xD;
      "destination": 0,&#xD;
      "group_size": 1,&#xD;
      "activate_call_states": []&#xD;
    },&#xD;
    "area": 1000,&#xD;
    "terminal": 0&#xD;
  }&#xD;
}&#xD;
--------------------------------&#xD;
MESSAGE SEND&#xD;
{&#xD;
  "type": "lift-call-api-v2",&#xD;
  "buildingId": "building:4TFxWRCv23D",&#xD;
  "callType": "action",&#xD;
  "groupId": "1",&#xD;
  "payload": {&#xD;
    "request_id": 187145148,&#xD;
    "time": "2025-11-18T12:14:13.3618116Z",&#xD;
    "call": {&#xD;
      "action": 2001,&#xD;
      "destination": 0,&#xD;
      "group_size": 1,&#xD;
      "activate_call_states": []&#xD;
    },&#xD;
    "area": 1000,&#xD;
    "terminal": 0&#xD;
  }&#xD;
}&#xD;
--------------------------------&#xD;
MESSAGE RECEIVED&#xD;
{&#xD;
  "connectionId": "UPRrdeaKjoECIIg=",&#xD;
  "requestId": 187145148,&#xD;
  "statusCode": 201,&#xD;
  "data": {&#xD;
    "time": "2025-11-18T12:14:13.935Z"&#xD;
  }&#xD;
}&#xD;
--------------------------------&#xD;
MESSAGE RECEIVED&#xD;
{&#xD;
  "connectionId": "UPRrdeaKjoECIIg=",&#xD;
  "requestId": 187145148,&#xD;
  "statusCode": 201,&#xD;
  "data": {&#xD;
    "time": "2025-11-18T12:14:13.935Z"&#xD;
  }&#xD;
}&#xD;
--------------------------------&#xD;
MESSAGE RECEIVED&#xD;
{&#xD;
  "connectionId": "UPRrdeaKjoECIIg=",&#xD;
  "requestId": 187145148,&#xD;
  "statusCode": 201,&#xD;
  "data": {&#xD;
    "time": "2025-11-18T12:14:13.935Z"&#xD;
  }&#xD;
}&#xD;
--------------------------------&#xD;
MESSAGE RECEIVED&#xD;
{&#xD;
  "connectionId": "UPRrdeaKjoECIIg=",&#xD;
  "requestId": 187145148,&#xD;
  "statusCode": 201,&#xD;
  "data": {&#xD;
    "time": "2025-11-18T12:14:13.935Z"&#xD;
  }&#xD;
}&#xD;
--------------------------------&#xD;
MESSAGE RECEIVED&#xD;
{&#xD;
  "data": {&#xD;
    "request_id": 187145148,&#xD;
    "success": true,&#xD;
    "session_id": 2009&#xD;
  },&#xD;
  "callType": "action",&#xD;
  "buildingId": "building:4TFxWRCv23D",&#xD;
  "groupId": "1"&#xD;
}&#xD;
--------------------------------&#xD;
MESSAGE RECEIVED&#xD;
{&#xD;
  "data": {&#xD;
    "request_id": 187145148,&#xD;
    "success": true,&#xD;
    "session_id": 2009&#xD;
  },&#xD;
  "callType": "action",&#xD;
  "buildingId": "building:4TFxWRCv23D",&#xD;
  "groupId": "1"&#xD;
}&#xD;
--------------------------------&#xD;
MESSAGE RECEIVED&#xD;
{&#xD;
  "data": {&#xD;
    "request_id": 187145148,&#xD;
    "success": true,&#xD;
    "session_id": 2009&#xD;
  },&#xD;
  "callType": "action",&#xD;
  "buildingId": "building:4TFxWRCv23D",&#xD;
  "groupId": "1"&#xD;
}&#xD;
--------------------------------&#xD;
MESSAGE RECEIVED&#xD;
{&#xD;
  "data": {&#xD;
    "request_id": 187145148,&#xD;
    "success": true,&#xD;
    "session_id": 2009&#xD;
  },&#xD;
  "callType": "action",&#xD;
  "buildingId": "building:4TFxWRCv23D",&#xD;
  "groupId": "1"&#xD;
}&#xD;
--------------------------------&#xD;
{"data":{"request_id":187145148,"success":true,"session_id":2009},"callType":"action","buildingId":"building:4TFxWRCv23D","groupId":"1"}</StdOut>
      </Output>
    </UnitTestResult>
    <UnitTestResult executionId="bb3490b9-6193-4426-b0e8-98b7409cd2f7" testId="11991792-9ffe-7108-a4c1-36f7a5f057f2" testName="Kone.Api.Client.Tests.KoneApiTests.Test_Landing_Call_Down_Invalid_Direction" computerName="SMART-HALL3" duration="00:00:01.0337497" startTime="2025-11-18T13:14:11.1219305+01:00" endTime="2025-11-18T13:14:11.1219417+01:00" testType="13cdc9d9-ddb5-4fa4-a97d-d965ccfc6d4b" outcome="Passed" testListId="8c84fa94-04c1-424b-9868-57a2d4851a1d" relativeResultsDirectory="bb3490b9-6193-4426-b0e8-98b7409cd2f7">
      <Output>
        <StdOut>MESSAGE SEND&#xD;
{&#xD;
  "type": "lift-call-api-v2",&#xD;
  "buildingId": "building:4TFxWRCv23D",&#xD;
  "callType": "action",&#xD;
  "groupId": "1",&#xD;
  "payload": {&#xD;
    "request_id": 1845249289,&#xD;
    "time": "2025-11-18T12:14:10.0874555Z",&#xD;
    "call": {&#xD;
      "action": 2001,&#xD;
      "destination": 0,&#xD;
      "group_size": 1,&#xD;
      "activate_call_states": []&#xD;
    },&#xD;
    "area": 63010,&#xD;
    "terminal": 0&#xD;
  }&#xD;
}&#xD;
--------------------------------&#xD;
MESSAGE RECEIVED&#xD;
{&#xD;
  "connectionId": "UPRq8cZvDoECI2w=",&#xD;
  "requestId": 1845249289,&#xD;
  "statusCode": 201,&#xD;
  "data": {&#xD;
    "time": "2025-11-18T12:14:10.670Z"&#xD;
  }&#xD;
}&#xD;
--------------------------------&#xD;
MESSAGE RECEIVED&#xD;
{&#xD;
  "data": {&#xD;
    "request_id": 1845249289,&#xD;
    "success": false,&#xD;
    "error": "INVALID_DIRECTION"&#xD;
  },&#xD;
  "callType": "action",&#xD;
  "buildingId": "building:4TFxWRCv23D",&#xD;
  "groupId": "1"&#xD;
}&#xD;
--------------------------------&#xD;
{"data":{"request_id":1845249289,"success":false,"error":"INVALID_DIRECTION"},"callType":"action","buildingId":"building:4TFxWRCv23D","groupId":"1"}</StdOut>
      </Output>
    </UnitTestResult>
    <UnitTestResult executionId="536ab0d6-7293-4f73-9929-0e8200105dad" testId="637c6f7d-d4e5-70f8-57d9-4bd9219c53b3" testName="Kone.Api.Client.Tests.KoneApiTests.Test_Destination_Call_Successful" computerName="SMART-HALL3" duration="00:00:00.9564506" startTime="2025-11-18T13:14:13.3614370+01:00" endTime="2025-11-18T13:14:13.3614373+01:00" testType="13cdc9d9-ddb5-4fa4-a97d-d965ccfc6d4b" outcome="Passed" testListId="8c84fa94-04c1-424b-9868-57a2d4851a1d" relativeResultsDirectory="536ab0d6-7293-4f73-9929-0e8200105dad">
      <Output>
        <StdOut>MESSAGE SEND&#xD;
{&#xD;
  "type": "lift-call-api-v2",&#xD;
  "buildingId": "building:4TFxWRCv23D",&#xD;
  "callType": "action",&#xD;
  "groupId": "1",&#xD;
  "payload": {&#xD;
    "request_id": 1984998856,&#xD;
    "time": "2025-11-18T12:14:12.4053452Z",&#xD;
    "call": {&#xD;
      "action": 2,&#xD;
      "destination": 5000,&#xD;
      "group_size": 1,&#xD;
      "activate_call_states": []&#xD;
    },&#xD;
    "area": 3000,&#xD;
    "terminal": 0&#xD;
  }&#xD;
}&#xD;
--------------------------------&#xD;
MESSAGE SEND&#xD;
{&#xD;
  "type": "lift-call-api-v2",&#xD;
  "buildingId": "building:4TFxWRCv23D",&#xD;
  "callType": "action",&#xD;
  "groupId": "1",&#xD;
  "payload": {&#xD;
    "request_id": 1984998856,&#xD;
    "time": "2025-11-18T12:14:12.4053452Z",&#xD;
    "call": {&#xD;
      "action": 2,&#xD;
      "destination": 5000,&#xD;
      "group_size": 1,&#xD;
      "activate_call_states": []&#xD;
    },&#xD;
    "area": 3000,&#xD;
    "terminal": 0&#xD;
  }&#xD;
}&#xD;
--------------------------------&#xD;
MESSAGE SEND&#xD;
{&#xD;
  "type": "lift-call-api-v2",&#xD;
  "buildingId": "building:4TFxWRCv23D",&#xD;
  "callType": "action",&#xD;
  "groupId": "1",&#xD;
  "payload": {&#xD;
    "request_id": 1984998856,&#xD;
    "time": "2025-11-18T12:14:12.4053452Z",&#xD;
    "call": {&#xD;
      "action": 2,&#xD;
      "destination": 5000,&#xD;
      "group_size": 1,&#xD;
      "activate_call_states": []&#xD;
    },&#xD;
    "area": 3000,&#xD;
    "terminal": 0&#xD;
  }&#xD;
}&#xD;
--------------------------------&#xD;
MESSAGE RECEIVED&#xD;
{&#xD;
  "connectionId": "UPRrSd0xjoECEOQ=",&#xD;
  "requestId": 1984998856,&#xD;
  "statusCode": 201,&#xD;
  "data": {&#xD;
    "time": "2025-11-18T12:14:12.924Z"&#xD;
  }&#xD;
}&#xD;
--------------------------------&#xD;
MESSAGE RECEIVED&#xD;
{&#xD;
  "connectionId": "UPRrSd0xjoECEOQ=",&#xD;
  "requestId": 1984998856,&#xD;
  "statusCode": 201,&#xD;
  "data": {&#xD;
    "time": "2025-11-18T12:14:12.924Z"&#xD;
  }&#xD;
}&#xD;
--------------------------------&#xD;
MESSAGE RECEIVED&#xD;
{&#xD;
  "connectionId": "UPRrSd0xjoECEOQ=",&#xD;
  "requestId": 1984998856,&#xD;
  "statusCode": 201,&#xD;
  "data": {&#xD;
    "time": "2025-11-18T12:14:12.924Z"&#xD;
  }&#xD;
}&#xD;
--------------------------------&#xD;
MESSAGE RECEIVED&#xD;
{&#xD;
  "data": {&#xD;
    "request_id": 1984998856,&#xD;
    "success": true,&#xD;
    "session_id": 2008&#xD;
  },&#xD;
  "callType": "action",&#xD;
  "buildingId": "building:4TFxWRCv23D",&#xD;
  "groupId": "1"&#xD;
}&#xD;
--------------------------------&#xD;
MESSAGE RECEIVED&#xD;
{&#xD;
  "data": {&#xD;
    "request_id": 1984998856,&#xD;
    "success": true,&#xD;
    "session_id": 2008&#xD;
  },&#xD;
  "callType": "action",&#xD;
  "buildingId": "building:4TFxWRCv23D",&#xD;
  "groupId": "1"&#xD;
}&#xD;
--------------------------------&#xD;
MESSAGE RECEIVED&#xD;
{&#xD;
  "data": {&#xD;
    "request_id": 1984998856,&#xD;
    "success": true,&#xD;
    "session_id": 2008&#xD;
  },&#xD;
  "callType": "action",&#xD;
  "buildingId": "building:4TFxWRCv23D",&#xD;
  "groupId": "1"&#xD;
}&#xD;
--------------------------------&#xD;
{"data":{"request_id":1984998856,"success":true,"session_id":2008},"callType":"action","buildingId":"building:4TFxWRCv23D","groupId":"1"}</StdOut>
      </Output>
    </UnitTestResult>
    <UnitTestResult executionId="0872d9f2-74fe-4b35-a889-2871d119c901" testId="fa7bf363-5dcc-fa2f-66c4-180d0a0fa063" testName="Kone.Api.Client.Tests.KoneApiTests.Test_Destination_Call_Invalid" computerName="SMART-HALL3" duration="00:00:01.2826358" startTime="2025-11-18T13:14:12.4048849+01:00" endTime="2025-11-18T13:14:12.4048851+01:00" testType="13cdc9d9-ddb5-4fa4-a97d-d965ccfc6d4b" outcome="Passed" testListId="8c84fa94-04c1-424b-9868-57a2d4851a1d" relativeResultsDirectory="0872d9f2-74fe-4b35-a889-2871d119c901">
      <Output>
        <StdOut>MESSAGE SEND&#xD;
{&#xD;
  "type": "lift-call-api-v2",&#xD;
  "buildingId": "building:4TFxWRCv23D",&#xD;
  "callType": "action",&#xD;
  "groupId": "1",&#xD;
  "payload": {&#xD;
    "request_id": 1915018552,&#xD;
    "time": "2025-11-18T12:14:11.1236071Z",&#xD;
    "call": {&#xD;
      "action": 2,&#xD;
      "destination": 3000,&#xD;
      "group_size": 1,&#xD;
      "activate_call_states": []&#xD;
    },&#xD;
    "area": 3000,&#xD;
    "terminal": 0&#xD;
  }&#xD;
}&#xD;
--------------------------------&#xD;
MESSAGE SEND&#xD;
{&#xD;
  "type": "lift-call-api-v2",&#xD;
  "buildingId": "building:4TFxWRCv23D",&#xD;
  "callType": "action",&#xD;
  "groupId": "1",&#xD;
  "payload": {&#xD;
    "request_id": 1915018552,&#xD;
    "time": "2025-11-18T12:14:11.1236071Z",&#xD;
    "call": {&#xD;
      "action": 2,&#xD;
      "destination": 3000,&#xD;
      "group_size": 1,&#xD;
      "activate_call_states": []&#xD;
    },&#xD;
    "area": 3000,&#xD;
    "terminal": 0&#xD;
  }&#xD;
}&#xD;
--------------------------------&#xD;
MESSAGE RECEIVED&#xD;
{&#xD;
  "connectionId": "UPRrGdSeDoECJmQ=",&#xD;
  "requestId": 1915018552,&#xD;
  "statusCode": 201,&#xD;
  "data": {&#xD;
    "time": "2025-11-18T12:14:11.650Z"&#xD;
  }&#xD;
}&#xD;
--------------------------------&#xD;
MESSAGE RECEIVED&#xD;
{&#xD;
  "connectionId": "UPRrGdSeDoECJmQ=",&#xD;
  "requestId": 1915018552,&#xD;
  "statusCode": 201,&#xD;
  "data": {&#xD;
    "time": "2025-11-18T12:14:11.650Z"&#xD;
  }&#xD;
}&#xD;
--------------------------------&#xD;
MESSAGE RECEIVED&#xD;
{&#xD;
  "data": {&#xD;
    "request_id": 1915018552,&#xD;
    "success": false,&#xD;
    "error": "SAME_SOURCE_AND_DEST_FLOOR"&#xD;
  },&#xD;
  "callType": "action",&#xD;
  "buildingId": "building:4TFxWRCv23D",&#xD;
  "groupId": "1"&#xD;
}&#xD;
--------------------------------&#xD;
MESSAGE RECEIVED&#xD;
{&#xD;
  "data": {&#xD;
    "request_id": 1915018552,&#xD;
    "success": false,&#xD;
    "error": "SAME_SOURCE_AND_DEST_FLOOR"&#xD;
  },&#xD;
  "callType": "action",&#xD;
  "buildingId": "building:4TFxWRCv23D",&#xD;
  "groupId": "1"&#xD;
}&#xD;
--------------------------------</StdOut>
      </Output>
    </UnitTestResult>
    <UnitTestResult executionId="a8bc114f-68f5-406e-80b0-e98b9dbbaa9c" testId="96a6e440-22af-2262-132b-efc4c9fe5227" testName="Kone.Api.Client.Tests.KoneApiTests.Test_Auth_Get_Resources" computerName="SMART-HALL3" duration="00:00:00.2140892" startTime="2025-11-18T13:14:17.4984271+01:00" endTime="2025-11-18T13:14:17.4984274+01:00" testType="13cdc9d9-ddb5-4fa4-a97d-d965ccfc6d4b" outcome="Passed" testListId="8c84fa94-04c1-424b-9868-57a2d4851a1d" relativeResultsDirectory="a8bc114f-68f5-406e-80b0-e98b9dbbaa9c">
      <Output>
        <StdOut>{&#xD;
  "buildings": [&#xD;
    {&#xD;
      "id": "4TFxWRCv23D",&#xD;
      "name": "39999001",&#xD;
      "desc": "Virtual Building for V1",&#xD;
      "city": "",&#xD;
      "country": "",&#xD;
      "zipCode": "",&#xD;
      "addressLine1": "",&#xD;
      "addressLine2": "",&#xD;
      "groups": [&#xD;
        {&#xD;
          "kens": []&#xD;
        }&#xD;
      ],&#xD;
      "apiKens": [&#xD;
        "\"39999001\""&#xD;
      ]&#xD;
    },&#xD;
    {&#xD;
      "id": "fWlfHyPlaca",&#xD;
      "name": "39999000",&#xD;
      "desc": "Virtual Building for V1",&#xD;
      "city": "",&#xD;
      "country": "",&#xD;
      "zipCode": "",&#xD;
      "addressLine1": "",&#xD;
      "addressLine2": "",&#xD;
      "groups": [&#xD;
        {&#xD;
          "kens": []&#xD;
        }&#xD;
      ],&#xD;
      "apiKens": [&#xD;
        "\"39999000\""&#xD;
      ]&#xD;
    },&#xD;
    {&#xD;
      "id": "HxKjGc3knnh",&#xD;
      "name": "39999012",&#xD;
      "desc": "Virtual Building for V1",&#xD;
      "city": "",&#xD;
      "country": "",&#xD;
      "zipCode": "",&#xD;
      "addressLine1": "",&#xD;
      "addressLine2": "",&#xD;
      "groups": [&#xD;
        {&#xD;
          "kens": []&#xD;
        }&#xD;
      ],&#xD;
      "apiKens": [&#xD;
        "\"39999012\""&#xD;
      ]&#xD;
    },&#xD;
    {&#xD;
      "id": "jSqCXuwqmjw",&#xD;
      "name": "DEVICE USED FOR PRUDUCTUIN TESTING ONLY",&#xD;
      "desc": "DEVICE USED FOR PRUDUCTUIN TESTING ONLY,",&#xD;
      "city": "",&#xD;
      "country": "",&#xD;
      "zipCode": "",&#xD;
      "addressLine1": "",&#xD;
      "addressLine2": "",&#xD;
      "groups": [&#xD;
        {&#xD;
          "kens": []&#xD;
        }&#xD;
      ],&#xD;
      "apiKens": [&#xD;
        "\"39999014\""&#xD;
      ]&#xD;
    },&#xD;
    {&#xD;
      "id": "L1QinntdEOg",&#xD;
      "name": "39999013",&#xD;
      "desc": "Virtual Building for V2",&#xD;
      "city": "",&#xD;
      "country": "",&#xD;
      "zipCode": "",&#xD;
      "addressLine1": "",&#xD;
      "addressLine2": "",&#xD;
      "groups": [&#xD;
        {&#xD;
          "kens": []&#xD;
        }&#xD;
      ],&#xD;
      "apiKens": [&#xD;
        "\"39999013\""&#xD;
      ]&#xD;
    }&#xD;
  ],&#xD;
  "equipments": [&#xD;
    {&#xD;
      "id": "111111111",&#xD;
      "name": " ",&#xD;
      "desc": " ",&#xD;
      "city": "",&#xD;
      "country": "",&#xD;
      "zipCode": "",&#xD;
      "addressLine1": "",&#xD;
      "addressLine2": "",&#xD;
      "products": [&#xD;
        "serviceinfo",&#xD;
        "rtm"&#xD;
      ]&#xD;
    },&#xD;
    {&#xD;
      "id": "211111112",&#xD;
      "name": " ",&#xD;
      "desc": " ",&#xD;
      "city": "",&#xD;
      "country": "",&#xD;
      "zipCode": "",&#xD;
      "addressLine1": "",&#xD;
      "addressLine2": "",&#xD;
      "products": [&#xD;
        "serviceinfo",&#xD;
        "rtm"&#xD;
      ]&#xD;
    },&#xD;
    {&#xD;
      "id": "311111113",&#xD;
      "name": " ",&#xD;
      "desc": " ",&#xD;
      "city": "",&#xD;
      "country": "",&#xD;
      "zipCode": "",&#xD;
      "addressLine1": "",&#xD;
      "addressLine2": "",&#xD;
      "products": [&#xD;
        "serviceinfo",&#xD;
        "rtm"&#xD;
      ]&#xD;
    },&#xD;
    {&#xD;
      "id": "411111114",&#xD;
      "name": " ",&#xD;
      "desc": " ",&#xD;
      "city": "",&#xD;
      "country": "",&#xD;
      "zipCode": "",&#xD;
      "addressLine1": "",&#xD;
      "addressLine2": "",&#xD;
      "products": [&#xD;
        "rtm"&#xD;
      ]&#xD;
    },&#xD;
    {&#xD;
      "id": "511111115",&#xD;
      "name": " ",&#xD;
      "desc": " ",&#xD;
      "city": "",&#xD;
      "country": "",&#xD;
      "zipCode": "",&#xD;
      "addressLine1": "",&#xD;
      "addressLine2": "",&#xD;
      "products": [&#xD;
        "rtm"&#xD;
      ]&#xD;
    },&#xD;
    {&#xD;
      "id": "33333333",&#xD;
      "name": " ",&#xD;
      "desc": " ",&#xD;
      "city": "",&#xD;
      "country": "",&#xD;
      "zipCode": "",&#xD;
      "addressLine1": "",&#xD;
      "addressLine2": "",&#xD;
      "products": [&#xD;
        "rtm"&#xD;
      ]&#xD;
    },&#xD;
    {&#xD;
      "id": "23333332",&#xD;
      "name": " ",&#xD;
      "desc": " ",&#xD;
      "city": "",&#xD;
      "country": "",&#xD;
      "zipCode": "",&#xD;
      "addressLine1": "",&#xD;
      "addressLine2": "",&#xD;
      "products": [&#xD;
        "rtm"&#xD;
      ]&#xD;
    },&#xD;
    {&#xD;
      "id": "13333331",&#xD;
      "name": " ",&#xD;
      "desc": " ",&#xD;
      "city": "",&#xD;
      "country": "",&#xD;
      "zipCode": "",&#xD;
      "addressLine1": "",&#xD;
      "addressLine2": "",&#xD;
      "products": [&#xD;
        "rtm"&#xD;
      ]&#xD;
    }&#xD;
  ]&#xD;
}</StdOut>
      </Output>
    </UnitTestResult>
    <UnitTestResult executionId="0b708b53-e5bc-49ef-8646-9128c808a085" testId="8990d806-be94-edf2-c623-871ac7576e4e" testName="Kone.Api.Client.Tests.KoneApiTests.Test_Landing_Call_Down_Successful" computerName="SMART-HALL3" duration="00:00:00.8429537" startTime="2025-11-18T13:14:16.2318069+01:00" endTime="2025-11-18T13:14:16.2318071+01:00" testType="13cdc9d9-ddb5-4fa4-a97d-d965ccfc6d4b" outcome="Passed" testListId="8c84fa94-04c1-424b-9868-57a2d4851a1d" relativeResultsDirectory="0b708b53-e5bc-49ef-8646-9128c808a085">
      <Output>
        <StdOut>MESSAGE SEND&#xD;
{&#xD;
  "type": "lift-call-api-v2",&#xD;
  "buildingId": "building:4TFxWRCv23D",&#xD;
  "callType": "action",&#xD;
  "groupId": "1",&#xD;
  "payload": {&#xD;
    "request_id": 427524169,&#xD;
    "time": "2025-11-18T12:14:15.3892007Z",&#xD;
    "call": {&#xD;
      "action": 2002,&#xD;
      "destination": 0,&#xD;
      "group_size": 1,&#xD;
      "activate_call_states": []&#xD;
    },&#xD;
    "area": 2000,&#xD;
    "terminal": 0&#xD;
  }&#xD;
}&#xD;
--------------------------------&#xD;
MESSAGE SEND&#xD;
{&#xD;
  "type": "lift-call-api-v2",&#xD;
  "buildingId": "building:4TFxWRCv23D",&#xD;
  "callType": "action",&#xD;
  "groupId": "1",&#xD;
  "payload": {&#xD;
    "request_id": 427524169,&#xD;
    "time": "2025-11-18T12:14:15.3892007Z",&#xD;
    "call": {&#xD;
      "action": 2002,&#xD;
      "destination": 0,&#xD;
      "group_size": 1,&#xD;
      "activate_call_states": []&#xD;
    },&#xD;
    "area": 2000,&#xD;
    "terminal": 0&#xD;
  }&#xD;
}&#xD;
--------------------------------&#xD;
MESSAGE SEND&#xD;
{&#xD;
  "type": "lift-call-api-v2",&#xD;
  "buildingId": "building:4TFxWRCv23D",&#xD;
  "callType": "action",&#xD;
  "groupId": "1",&#xD;
  "payload": {&#xD;
    "request_id": 427524169,&#xD;
    "time": "2025-11-18T12:14:15.3892007Z",&#xD;
    "call": {&#xD;
      "action": 2002,&#xD;
      "destination": 0,&#xD;
      "group_size": 1,&#xD;
      "activate_call_states": []&#xD;
    },&#xD;
    "area": 2000,&#xD;
    "terminal": 0&#xD;
  }&#xD;
}&#xD;
--------------------------------&#xD;
MESSAGE SEND&#xD;
{&#xD;
  "type": "lift-call-api-v2",&#xD;
  "buildingId": "building:4TFxWRCv23D",&#xD;
  "callType": "action",&#xD;
  "groupId": "1",&#xD;
  "payload": {&#xD;
    "request_id": 427524169,&#xD;
    "time": "2025-11-18T12:14:15.3892007Z",&#xD;
    "call": {&#xD;
      "action": 2002,&#xD;
      "destination": 0,&#xD;
      "group_size": 1,&#xD;
      "activate_call_states": []&#xD;
    },&#xD;
    "area": 2000,&#xD;
    "terminal": 0&#xD;
  }&#xD;
}&#xD;
--------------------------------&#xD;
MESSAGE SEND&#xD;
{&#xD;
  "type": "lift-call-api-v2",&#xD;
  "buildingId": "building:4TFxWRCv23D",&#xD;
  "callType": "action",&#xD;
  "groupId": "1",&#xD;
  "payload": {&#xD;
    "request_id": 427524169,&#xD;
    "time": "2025-11-18T12:14:15.3892007Z",&#xD;
    "call": {&#xD;
      "action": 2002,&#xD;
      "destination": 0,&#xD;
      "group_size": 1,&#xD;
      "activate_call_states": []&#xD;
    },&#xD;
    "area": 2000,&#xD;
    "terminal": 0&#xD;
  }&#xD;
}&#xD;
--------------------------------&#xD;
MESSAGE SEND&#xD;
{&#xD;
  "type": "lift-call-api-v2",&#xD;
  "buildingId": "building:4TFxWRCv23D",&#xD;
  "callType": "action",&#xD;
  "groupId": "1",&#xD;
  "payload": {&#xD;
    "request_id": 427524169,&#xD;
    "time": "2025-11-18T12:14:15.3892007Z",&#xD;
    "call": {&#xD;
      "action": 2002,&#xD;
      "destination": 0,&#xD;
      "group_size": 1,&#xD;
      "activate_call_states": []&#xD;
    },&#xD;
    "area": 2000,&#xD;
    "terminal": 0&#xD;
  }&#xD;
}&#xD;
--------------------------------&#xD;
MESSAGE RECEIVED&#xD;
{&#xD;
  "connectionId": "UPRrweZoDoECE3A=",&#xD;
  "requestId": 427524169,&#xD;
  "statusCode": 201,&#xD;
  "data": {&#xD;
    "time": "2025-11-18T12:14:15.789Z"&#xD;
  }&#xD;
}&#xD;
--------------------------------&#xD;
MESSAGE RECEIVED&#xD;
{&#xD;
  "connectionId": "UPRrweZoDoECE3A=",&#xD;
  "requestId": 427524169,&#xD;
  "statusCode": 201,&#xD;
  "data": {&#xD;
    "time": "2025-11-18T12:14:15.789Z"&#xD;
  }&#xD;
}&#xD;
--------------------------------&#xD;
MESSAGE RECEIVED&#xD;
{&#xD;
  "connectionId": "UPRrweZoDoECE3A=",&#xD;
  "requestId": 427524169,&#xD;
  "statusCode": 201,&#xD;
  "data": {&#xD;
    "time": "2025-11-18T12:14:15.789Z"&#xD;
  }&#xD;
}&#xD;
--------------------------------&#xD;
MESSAGE RECEIVED&#xD;
{&#xD;
  "connectionId": "UPRrweZoDoECE3A=",&#xD;
  "requestId": 427524169,&#xD;
  "statusCode": 201,&#xD;
  "data": {&#xD;
    "time": "2025-11-18T12:14:15.789Z"&#xD;
  }&#xD;
}&#xD;
--------------------------------&#xD;
MESSAGE RECEIVED&#xD;
{&#xD;
  "connectionId": "UPRrweZoDoECE3A=",&#xD;
  "requestId": 427524169,&#xD;
  "statusCode": 201,&#xD;
  "data": {&#xD;
    "time": "2025-11-18T12:14:15.789Z"&#xD;
  }&#xD;
}&#xD;
--------------------------------&#xD;
MESSAGE RECEIVED&#xD;
{&#xD;
  "connectionId": "UPRrweZoDoECE3A=",&#xD;
  "requestId": 427524169,&#xD;
  "statusCode": 201,&#xD;
  "data": {&#xD;
    "time": "2025-11-18T12:14:15.789Z"&#xD;
  }&#xD;
}&#xD;
--------------------------------&#xD;
MESSAGE RECEIVED&#xD;
{&#xD;
  "data": {&#xD;
    "request_id": 427524169,&#xD;
    "success": true,&#xD;
    "session_id": 2010&#xD;
  },&#xD;
  "callType": "action",&#xD;
  "buildingId": "building:4TFxWRCv23D",&#xD;
  "groupId": "1"&#xD;
}&#xD;
--------------------------------&#xD;
MESSAGE RECEIVED&#xD;
{&#xD;
  "data": {&#xD;
    "request_id": 427524169,&#xD;
    "success": true,&#xD;
    "session_id": 2010&#xD;
  },&#xD;
  "callType": "action",&#xD;
  "buildingId": "building:4TFxWRCv23D",&#xD;
  "groupId": "1"&#xD;
}&#xD;
--------------------------------&#xD;
MESSAGE RECEIVED&#xD;
{&#xD;
  "data": {&#xD;
    "request_id": 427524169,&#xD;
    "success": true,&#xD;
    "session_id": 2010&#xD;
  },&#xD;
  "callType": "action",&#xD;
  "buildingId": "building:4TFxWRCv23D",&#xD;
  "groupId": "1"&#xD;
}&#xD;
--------------------------------&#xD;
MESSAGE RECEIVED&#xD;
{&#xD;
  "data": {&#xD;
    "request_id": 427524169,&#xD;
    "success": true,&#xD;
    "session_id": 2010&#xD;
  },&#xD;
  "callType": "action",&#xD;
  "buildingId": "building:4TFxWRCv23D",&#xD;
  "groupId": "1"&#xD;
}&#xD;
--------------------------------&#xD;
MESSAGE RECEIVED&#xD;
{&#xD;
  "data": {&#xD;
    "request_id": 427524169,&#xD;
    "success": true,&#xD;
    "session_id": 2010&#xD;
  },&#xD;
  "callType": "action",&#xD;
  "buildingId": "building:4TFxWRCv23D",&#xD;
  "groupId": "1"&#xD;
}&#xD;
--------------------------------&#xD;
MESSAGE RECEIVED&#xD;
{&#xD;
  "data": {&#xD;
    "request_id": 427524169,&#xD;
    "success": true,&#xD;
    "session_id": 2010&#xD;
  },&#xD;
  "callType": "action",&#xD;
  "buildingId": "building:4TFxWRCv23D",&#xD;
  "groupId": "1"&#xD;
}&#xD;
--------------------------------&#xD;
{"data":{"request_id":427524169,"success":true,"session_id":2010},"callType":"action","buildingId":"building:4TFxWRCv23D","groupId":"1"}</StdOut>
      </Output>
    </UnitTestResult>
    <UnitTestResult executionId="30381a90-7416-4815-998b-75361e0f2172" testId="5498ceac-27c7-b7f3-0d03-500df18cde5c" testName="Kone.Api.Client.Tests.KoneApiTests.Test_Auth_Get_Access_Token" computerName="SMART-HALL3" duration="00:00:00.2565165" startTime="2025-11-18T13:14:17.7550617+01:00" endTime="2025-11-18T13:14:17.7550620+01:00" testType="13cdc9d9-ddb5-4fa4-a97d-d965ccfc6d4b" outcome="Passed" testListId="8c84fa94-04c1-424b-9868-57a2d4851a1d" relativeResultsDirectory="30381a90-7416-4815-998b-75361e0f2172">
      <Output>
        <StdOut>{&#xD;
  "access_token": "eyJhbGciOiJIUzUxMiJ9.eyJpc3MiOiJodHRwczovL2Rldi5rb25lLmNvbS9hcGkvIiwiaWF0IjoxNzYzNDY4MDU3LCJhdWQiOiJrb25lLWFwaXMiLCJzdWIiOiI3NTQ5NmUzNy0zYTM1LTQ5NWItYTBkNy1kMWExNDMwODA4ODYiLCJzY29wZSI6ImFwcGxpY2F0aW9uL2ludmVudG9yeSIsInNhbmRib3giOnRydWUsImV4cCI6MTc2MzQ3MTY1Nywib3JnIjoxfQ.bqfGjBWSdnuBNGLbLas2-L-yFkcrs93ulwB7G1fH_Tp9JzesdC4H_1e9Dr3wywJqGoQi9Lm2UPTYbMydziExbw",&#xD;
  "token_type": "Bearer",&#xD;
  "expires_in": 3600,&#xD;
  "scope": "application/inventory"&#xD;
}</StdOut>
      </Output>
    </UnitTestResult>
    <UnitTestResult executionId="44e5a313-27f6-4416-84ec-e2c2c18166f0" testId="c390b9e1-1b6a-74c3-1f05-5e563774c7b5" testName="Kone.Api.Client.Tests.KoneApiTests.Test_Auth_Get_Access_Token_Returns_Not_Authorized" computerName="SMART-HALL3" duration="00:00:00.2018518" startTime="2025-11-18T13:14:17.9570424+01:00" endTime="2025-11-18T13:14:17.9570426+01:00" testType="13cdc9d9-ddb5-4fa4-a97d-d965ccfc6d4b" outcome="Passed" testListId="8c84fa94-04c1-424b-9868-57a2d4851a1d" relativeResultsDirectory="44e5a313-27f6-4416-84ec-e2c2c18166f0" />
    <UnitTestResult executionId="785e6e30-895e-4f7f-9be4-c3d947ea97dc" testId="69b2f85e-dad0-eb21-4c6c-9294c75fb023" testName="Kone.Api.Client.Tests.KoneApiTests.Test_Landing_Call_Up_Invalid_Direction" computerName="SMART-HALL3" duration="00:00:01.0522168" startTime="2025-11-18T13:14:17.2842008+01:00" endTime="2025-11-18T13:14:17.2842011+01:00" testType="13cdc9d9-ddb5-4fa4-a97d-d965ccfc6d4b" outcome="Passed" testListId="8c84fa94-04c1-424b-9868-57a2d4851a1d" relativeResultsDirectory="785e6e30-895e-4f7f-9be4-c3d947ea97dc">
      <Output>
        <StdOut>MESSAGE SEND&#xD;
{&#xD;
  "type": "lift-call-api-v2",&#xD;
  "buildingId": "building:4TFxWRCv23D",&#xD;
  "callType": "action",&#xD;
  "groupId": "1",&#xD;
  "payload": {&#xD;
    "request_id": 1276784872,&#xD;
    "time": "2025-11-18T12:14:16.2322988Z",&#xD;
    "call": {&#xD;
      "action": 2002,&#xD;
      "destination": 0,&#xD;
      "group_size": 1,&#xD;
      "activate_call_states": []&#xD;
    },&#xD;
    "area": 1000,&#xD;
    "terminal": 0&#xD;
  }&#xD;
}&#xD;
--------------------------------&#xD;
MESSAGE SEND&#xD;
{&#xD;
  "type": "lift-call-api-v2",&#xD;
  "buildingId": "building:4TFxWRCv23D",&#xD;
  "callType": "action",&#xD;
  "groupId": "1",&#xD;
  "payload": {&#xD;
    "request_id": 1276784872,&#xD;
    "time": "2025-11-18T12:14:16.2322988Z",&#xD;
    "call": {&#xD;
      "action": 2002,&#xD;
      "destination": 0,&#xD;
      "group_size": 1,&#xD;
      "activate_call_states": []&#xD;
    },&#xD;
    "area": 1000,&#xD;
    "terminal": 0&#xD;
  }&#xD;
}&#xD;
--------------------------------&#xD;
MESSAGE SEND&#xD;
{&#xD;
  "type": "lift-call-api-v2",&#xD;
  "buildingId": "building:4TFxWRCv23D",&#xD;
  "callType": "action",&#xD;
  "groupId": "1",&#xD;
  "payload": {&#xD;
    "request_id": 1276784872,&#xD;
    "time": "2025-11-18T12:14:16.2322988Z",&#xD;
    "call": {&#xD;
      "action": 2002,&#xD;
      "destination": 0,&#xD;
      "group_size": 1,&#xD;
      "activate_call_states": []&#xD;
    },&#xD;
    "area": 1000,&#xD;
    "terminal": 0&#xD;
  }&#xD;
}&#xD;
--------------------------------&#xD;
MESSAGE SEND&#xD;
{&#xD;
  "type": "lift-call-api-v2",&#xD;
  "buildingId": "building:4TFxWRCv23D",&#xD;
  "callType": "action",&#xD;
  "groupId": "1",&#xD;
  "payload": {&#xD;
    "request_id": 1276784872,&#xD;
    "time": "2025-11-18T12:14:16.2322988Z",&#xD;
    "call": {&#xD;
      "action": 2002,&#xD;
      "destination": 0,&#xD;
      "group_size": 1,&#xD;
      "activate_call_states": []&#xD;
    },&#xD;
    "area": 1000,&#xD;
    "terminal": 0&#xD;
  }&#xD;
}&#xD;
--------------------------------&#xD;
MESSAGE SEND&#xD;
{&#xD;
  "type": "lift-call-api-v2",&#xD;
  "buildingId": "building:4TFxWRCv23D",&#xD;
  "callType": "action",&#xD;
  "groupId": "1",&#xD;
  "payload": {&#xD;
    "request_id": 1276784872,&#xD;
    "time": "2025-11-18T12:14:16.2322988Z",&#xD;
    "call": {&#xD;
      "action": 2002,&#xD;
      "destination": 0,&#xD;
      "group_size": 1,&#xD;
      "activate_call_states": []&#xD;
    },&#xD;
    "area": 1000,&#xD;
    "terminal": 0&#xD;
  }&#xD;
}&#xD;
--------------------------------&#xD;
MESSAGE SEND&#xD;
{&#xD;
  "type": "lift-call-api-v2",&#xD;
  "buildingId": "building:4TFxWRCv23D",&#xD;
  "callType": "action",&#xD;
  "groupId": "1",&#xD;
  "payload": {&#xD;
    "request_id": 1276784872,&#xD;
    "time": "2025-11-18T12:14:16.2322988Z",&#xD;
    "call": {&#xD;
      "action": 2002,&#xD;
      "destination": 0,&#xD;
      "group_size": 1,&#xD;
      "activate_call_states": []&#xD;
    },&#xD;
    "area": 1000,&#xD;
    "terminal": 0&#xD;
  }&#xD;
}&#xD;
--------------------------------&#xD;
MESSAGE SEND&#xD;
{&#xD;
  "type": "lift-call-api-v2",&#xD;
  "buildingId": "building:4TFxWRCv23D",&#xD;
  "callType": "action",&#xD;
  "groupId": "1",&#xD;
  "payload": {&#xD;
    "request_id": 1276784872,&#xD;
    "time": "2025-11-18T12:14:16.2322988Z",&#xD;
    "call": {&#xD;
      "action": 2002,&#xD;
      "destination": 0,&#xD;
      "group_size": 1,&#xD;
      "activate_call_states": []&#xD;
    },&#xD;
    "area": 1000,&#xD;
    "terminal": 0&#xD;
  }&#xD;
}&#xD;
--------------------------------&#xD;
MESSAGE RECEIVED&#xD;
{&#xD;
  "connectionId": "UPRr6fT6DoECHKw=",&#xD;
  "requestId": 1276784872,&#xD;
  "statusCode": 201,&#xD;
  "data": {&#xD;
    "time": "2025-11-18T12:14:16.840Z"&#xD;
  }&#xD;
}&#xD;
--------------------------------&#xD;
MESSAGE RECEIVED&#xD;
{&#xD;
  "connectionId": "UPRr6fT6DoECHKw=",&#xD;
  "requestId": 1276784872,&#xD;
  "statusCode": 201,&#xD;
  "data": {&#xD;
    "time": "2025-11-18T12:14:16.840Z"&#xD;
  }&#xD;
}&#xD;
--------------------------------&#xD;
MESSAGE RECEIVED&#xD;
{&#xD;
  "connectionId": "UPRr6fT6DoECHKw=",&#xD;
  "requestId": 1276784872,&#xD;
  "statusCode": 201,&#xD;
  "data": {&#xD;
    "time": "2025-11-18T12:14:16.840Z"&#xD;
  }&#xD;
}&#xD;
--------------------------------&#xD;
MESSAGE RECEIVED&#xD;
{&#xD;
  "connectionId": "UPRr6fT6DoECHKw=",&#xD;
  "requestId": 1276784872,&#xD;
  "statusCode": 201,&#xD;
  "data": {&#xD;
    "time": "2025-11-18T12:14:16.840Z"&#xD;
  }&#xD;
}&#xD;
--------------------------------&#xD;
MESSAGE RECEIVED&#xD;
{&#xD;
  "connectionId": "UPRr6fT6DoECHKw=",&#xD;
  "requestId": 1276784872,&#xD;
  "statusCode": 201,&#xD;
  "data": {&#xD;
    "time": "2025-11-18T12:14:16.840Z"&#xD;
  }&#xD;
}&#xD;
--------------------------------&#xD;
MESSAGE RECEIVED&#xD;
{&#xD;
  "connectionId": "UPRr6fT6DoECHKw=",&#xD;
  "requestId": 1276784872,&#xD;
  "statusCode": 201,&#xD;
  "data": {&#xD;
    "time": "2025-11-18T12:14:16.840Z"&#xD;
  }&#xD;
}&#xD;
--------------------------------&#xD;
MESSAGE RECEIVED&#xD;
{&#xD;
  "connectionId": "UPRr6fT6DoECHKw=",&#xD;
  "requestId": 1276784872,&#xD;
  "statusCode": 201,&#xD;
  "data": {&#xD;
    "time": "2025-11-18T12:14:16.840Z"&#xD;
  }&#xD;
}&#xD;
--------------------------------&#xD;
MESSAGE RECEIVED&#xD;
{&#xD;
  "data": {&#xD;
    "request_id": 1276784872,&#xD;
    "success": false,&#xD;
    "error": "INVALID_DIRECTION"&#xD;
  },&#xD;
  "callType": "action",&#xD;
  "buildingId": "building:4TFxWRCv23D",&#xD;
  "groupId": "1"&#xD;
}&#xD;
--------------------------------&#xD;
MESSAGE RECEIVED&#xD;
{&#xD;
  "data": {&#xD;
    "request_id": 1276784872,&#xD;
    "success": false,&#xD;
    "error": "INVALID_DIRECTION"&#xD;
  },&#xD;
  "callType": "action",&#xD;
  "buildingId": "building:4TFxWRCv23D",&#xD;
  "groupId": "1"&#xD;
}&#xD;
--------------------------------&#xD;
MESSAGE RECEIVED&#xD;
{&#xD;
  "data": {&#xD;
    "request_id": 1276784872,&#xD;
    "success": false,&#xD;
    "error": "INVALID_DIRECTION"&#xD;
  },&#xD;
  "callType": "action",&#xD;
  "buildingId": "building:4TFxWRCv23D",&#xD;
  "groupId": "1"&#xD;
}&#xD;
--------------------------------&#xD;
MESSAGE RECEIVED&#xD;
{&#xD;
  "data": {&#xD;
    "request_id": 1276784872,&#xD;
    "success": false,&#xD;
    "error": "INVALID_DIRECTION"&#xD;
  },&#xD;
  "callType": "action",&#xD;
  "buildingId": "building:4TFxWRCv23D",&#xD;
  "groupId": "1"&#xD;
}&#xD;
--------------------------------&#xD;
MESSAGE RECEIVED&#xD;
{&#xD;
  "data": {&#xD;
    "request_id": 1276784872,&#xD;
    "success": false,&#xD;
    "error": "INVALID_DIRECTION"&#xD;
  },&#xD;
  "callType": "action",&#xD;
  "buildingId": "building:4TFxWRCv23D",&#xD;
  "groupId": "1"&#xD;
}&#xD;
--------------------------------&#xD;
MESSAGE RECEIVED&#xD;
{&#xD;
  "data": {&#xD;
    "request_id": 1276784872,&#xD;
    "success": false,&#xD;
    "error": "INVALID_DIRECTION"&#xD;
  },&#xD;
  "callType": "action",&#xD;
  "buildingId": "building:4TFxWRCv23D",&#xD;
  "groupId": "1"&#xD;
}&#xD;
--------------------------------&#xD;
MESSAGE RECEIVED&#xD;
{&#xD;
  "data": {&#xD;
    "request_id": 1276784872,&#xD;
    "success": false,&#xD;
    "error": "INVALID_DIRECTION"&#xD;
  },&#xD;
  "callType": "action",&#xD;
  "buildingId": "building:4TFxWRCv23D",&#xD;
  "groupId": "1"&#xD;
}&#xD;
--------------------------------&#xD;
{"data":{"request_id":1276784872,"success":false,"error":"INVALID_DIRECTION"},"callType":"action","buildingId":"building:4TFxWRCv23D","groupId":"1"}</StdOut>
      </Output>
    </UnitTestResult>
    <UnitTestResult executionId="818b39ea-8c8f-4c44-a6c8-4fdad7d20236" testId="37c1469f-570d-751a-07ca-a7278b0c223c" testName="Kone.Api.Client.Tests.KoneApiTests.Test_Lift_Position_Successful" computerName="SMART-HALL3" duration="00:00:01.0110040" startTime="2025-11-18T13:14:15.3886988+01:00" endTime="2025-11-18T13:14:15.3886990+01:00" testType="13cdc9d9-ddb5-4fa4-a97d-d965ccfc6d4b" outcome="Passed" testListId="8c84fa94-04c1-424b-9868-57a2d4851a1d" relativeResultsDirectory="818b39ea-8c8f-4c44-a6c8-4fdad7d20236">
      <Output>
        <StdOut>MESSAGE SEND&#xD;
{&#xD;
  "type": "site-monitoring",&#xD;
  "requestId": "c6a673ed-c079-470e-8b1e-107fd3c0cec0",&#xD;
  "buildingId": "building:4TFxWRCv23D",&#xD;
  "callType": "monitor",&#xD;
  "groupId": "1",&#xD;
  "payload": {&#xD;
    "sub": "DeckPosition_f4d5ade1-c0c7-4d0d-8416-04a4fc6c11b1",&#xD;
    "duration": 10,&#xD;
    "subtopics": [&#xD;
      "lift_1/position"&#xD;
    ]&#xD;
  }&#xD;
}&#xD;
--------------------------------&#xD;
MESSAGE SEND&#xD;
{&#xD;
  "type": "site-monitoring",&#xD;
  "requestId": "c6a673ed-c079-470e-8b1e-107fd3c0cec0",&#xD;
  "buildingId": "building:4TFxWRCv23D",&#xD;
  "callType": "monitor",&#xD;
  "groupId": "1",&#xD;
  "payload": {&#xD;
    "sub": "DeckPosition_f4d5ade1-c0c7-4d0d-8416-04a4fc6c11b1",&#xD;
    "duration": 10,&#xD;
    "subtopics": [&#xD;
      "lift_1/position"&#xD;
    ]&#xD;
  }&#xD;
}&#xD;
--------------------------------&#xD;
MESSAGE SEND&#xD;
{&#xD;
  "type": "site-monitoring",&#xD;
  "requestId": "c6a673ed-c079-470e-8b1e-107fd3c0cec0",&#xD;
  "buildingId": "building:4TFxWRCv23D",&#xD;
  "callType": "monitor",&#xD;
  "groupId": "1",&#xD;
  "payload": {&#xD;
    "sub": "DeckPosition_f4d5ade1-c0c7-4d0d-8416-04a4fc6c11b1",&#xD;
    "duration": 10,&#xD;
    "subtopics": [&#xD;
      "lift_1/position"&#xD;
    ]&#xD;
  }&#xD;
}&#xD;
--------------------------------&#xD;
MESSAGE SEND&#xD;
{&#xD;
  "type": "site-monitoring",&#xD;
  "requestId": "c6a673ed-c079-470e-8b1e-107fd3c0cec0",&#xD;
  "buildingId": "building:4TFxWRCv23D",&#xD;
  "callType": "monitor",&#xD;
  "groupId": "1",&#xD;
  "payload": {&#xD;
    "sub": "DeckPosition_f4d5ade1-c0c7-4d0d-8416-04a4fc6c11b1",&#xD;
    "duration": 10,&#xD;
    "subtopics": [&#xD;
      "lift_1/position"&#xD;
    ]&#xD;
  }&#xD;
}&#xD;
--------------------------------&#xD;
MESSAGE SEND&#xD;
{&#xD;
  "type": "site-monitoring",&#xD;
  "requestId": "c6a673ed-c079-470e-8b1e-107fd3c0cec0",&#xD;
  "buildingId": "building:4TFxWRCv23D",&#xD;
  "callType": "monitor",&#xD;
  "groupId": "1",&#xD;
  "payload": {&#xD;
    "sub": "DeckPosition_f4d5ade1-c0c7-4d0d-8416-04a4fc6c11b1",&#xD;
    "duration": 10,&#xD;
    "subtopics": [&#xD;
      "lift_1/position"&#xD;
    ]&#xD;
  }&#xD;
}&#xD;
--------------------------------&#xD;
MESSAGE RECEIVED&#xD;
{&#xD;
  "connectionId": "UPRrmeFhjoECGHg=",&#xD;
  "requestId": "c6a673ed-c079-470e-8b1e-107fd3c0cec0",&#xD;
  "statusCode": 201,&#xD;
  "data": {&#xD;
    "time": "2025-11-18T12:14:14.897Z"&#xD;
  }&#xD;
}&#xD;
--------------------------------&#xD;
MESSAGE RECEIVED&#xD;
{&#xD;
  "connectionId": "UPRrmeFhjoECGHg=",&#xD;
  "requestId": "c6a673ed-c079-470e-8b1e-107fd3c0cec0",&#xD;
  "statusCode": 201,&#xD;
  "data": {&#xD;
    "time": "2025-11-18T12:14:14.897Z"&#xD;
  }&#xD;
}&#xD;
--------------------------------&#xD;
MESSAGE RECEIVED&#xD;
{&#xD;
  "connectionId": "UPRrmeFhjoECGHg=",&#xD;
  "requestId": "c6a673ed-c079-470e-8b1e-107fd3c0cec0",&#xD;
  "statusCode": 201,&#xD;
  "data": {&#xD;
    "time": "2025-11-18T12:14:14.897Z"&#xD;
  }&#xD;
}&#xD;
--------------------------------&#xD;
MESSAGE RECEIVED&#xD;
{&#xD;
  "connectionId": "UPRrmeFhjoECGHg=",&#xD;
  "requestId": "c6a673ed-c079-470e-8b1e-107fd3c0cec0",&#xD;
  "statusCode": 201,&#xD;
  "data": {&#xD;
    "time": "2025-11-18T12:14:14.897Z"&#xD;
  }&#xD;
}&#xD;
--------------------------------&#xD;
MESSAGE RECEIVED&#xD;
{&#xD;
  "connectionId": "UPRrmeFhjoECGHg=",&#xD;
  "requestId": "c6a673ed-c079-470e-8b1e-107fd3c0cec0",&#xD;
  "statusCode": 201,&#xD;
  "data": {&#xD;
    "time": "2025-11-18T12:14:14.897Z"&#xD;
  }&#xD;
}&#xD;
--------------------------------&#xD;
MESSAGE RECEIVED&#xD;
{&#xD;
  "data": {&#xD;
    "time": "2025-11-18T12:14:15.115Z",&#xD;
    "dir": "NONE",&#xD;
    "coll": "NONE",&#xD;
    "moving_state": "STANDING",&#xD;
    "area": 1001011,&#xD;
    "cur": 5,&#xD;
    "adv": 5,&#xD;
    "door": true&#xD;
  },&#xD;
  "subtopic": "lift_1/position",&#xD;
  "requestId": "c6a673ed-c079-470e-8b1e-107fd3c0cec0",&#xD;
  "callType": "monitor",&#xD;
  "buildingId": "building:4TFxWRCv23D",&#xD;
  "groupId": "1"&#xD;
}&#xD;
--------------------------------&#xD;
MESSAGE RECEIVED&#xD;
{&#xD;
  "data": {&#xD;
    "time": "2025-11-18T12:14:15.115Z",&#xD;
    "dir": "NONE",&#xD;
    "coll": "NONE",&#xD;
    "moving_state": "STANDING",&#xD;
    "area": 1001011,&#xD;
    "cur": 5,&#xD;
    "adv": 5,&#xD;
    "door": true&#xD;
  },&#xD;
  "subtopic": "lift_1/position",&#xD;
  "requestId": "c6a673ed-c079-470e-8b1e-107fd3c0cec0",&#xD;
  "callType": "monitor",&#xD;
  "buildingId": "building:4TFxWRCv23D",&#xD;
  "groupId": "1"&#xD;
}&#xD;
--------------------------------&#xD;
MESSAGE RECEIVED&#xD;
{&#xD;
  "data": {&#xD;
    "time": "2025-11-18T12:14:15.115Z",&#xD;
    "dir": "NONE",&#xD;
    "coll": "NONE",&#xD;
    "moving_state": "STANDING",&#xD;
    "area": 1001011,&#xD;
    "cur": 5,&#xD;
    "adv": 5,&#xD;
    "door": true&#xD;
  },&#xD;
  "subtopic": "lift_1/position",&#xD;
  "requestId": "c6a673ed-c079-470e-8b1e-107fd3c0cec0",&#xD;
  "callType": "monitor",&#xD;
  "buildingId": "building:4TFxWRCv23D",&#xD;
  "groupId": "1"&#xD;
}&#xD;
--------------------------------&#xD;
MESSAGE RECEIVED&#xD;
{&#xD;
  "data": {&#xD;
    "time": "2025-11-18T12:14:15.115Z",&#xD;
    "dir": "NONE",&#xD;
    "coll": "NONE",&#xD;
    "moving_state": "STANDING",&#xD;
    "area": 1001011,&#xD;
    "cur": 5,&#xD;
    "adv": 5,&#xD;
    "door": true&#xD;
  },&#xD;
  "subtopic": "lift_1/position",&#xD;
  "requestId": "c6a673ed-c079-470e-8b1e-107fd3c0cec0",&#xD;
  "callType": "monitor",&#xD;
  "buildingId": "building:4TFxWRCv23D",&#xD;
  "groupId": "1"&#xD;
}&#xD;
--------------------------------&#xD;
MESSAGE RECEIVED&#xD;
{&#xD;
  "data": {&#xD;
    "time": "2025-11-18T12:14:15.115Z",&#xD;
    "dir": "NONE",&#xD;
    "coll": "NONE",&#xD;
    "moving_state": "STANDING",&#xD;
    "area": 1001011,&#xD;
    "cur": 5,&#xD;
    "adv": 5,&#xD;
    "door": true&#xD;
  },&#xD;
  "subtopic": "lift_1/position",&#xD;
  "requestId": "c6a673ed-c079-470e-8b1e-107fd3c0cec0",&#xD;
  "callType": "monitor",&#xD;
  "buildingId": "building:4TFxWRCv23D",&#xD;
  "groupId": "1"&#xD;
}&#xD;
--------------------------------</StdOut>
      </Output>
    </UnitTestResult>
  </Results>
  <TestDefinitions>
    <UnitTest name="Kone.Api.Client.Tests.KoneApiTests.Test_Auth_Get_Access_Token_Returns_Not_Authorized" storage="c:\gitrepos\smartface-integrations\src\koneapi\kone.api.client.tests\bin\debug\net8.0\kone.api.client.tests.dll" id="c390b9e1-1b6a-74c3-1f05-5e563774c7b5">
      <Execution id="44e5a313-27f6-4416-84ec-e2c2c18166f0" />
      <TestMethod codeBase="C:\GitRepos\smartface-integrations\src\KoneApi\Kone.Api.Client.Tests\bin\Debug\net8.0\Kone.Api.Client.Tests.dll" adapterTypeName="executor://xunit/VsTestRunner2/netcoreapp" className="Kone.Api.Client.Tests.KoneApiTests" name="Test_Auth_Get_Access_Token_Returns_Not_Authorized" />
    </UnitTest>
    <UnitTest name="Kone.Api.Client.Tests.KoneApiTests.Test_Landing_Call_Up_Invalid_Direction" storage="c:\gitrepos\smartface-integrations\src\koneapi\kone.api.client.tests\bin\debug\net8.0\kone.api.client.tests.dll" id="69b2f85e-dad0-eb21-4c6c-9294c75fb023">
      <Execution id="785e6e30-895e-4f7f-9be4-c3d947ea97dc" />
      <TestMethod codeBase="C:\GitRepos\smartface-integrations\src\KoneApi\Kone.Api.Client.Tests\bin\Debug\net8.0\Kone.Api.Client.Tests.dll" adapterTypeName="executor://xunit/VsTestRunner2/netcoreapp" className="Kone.Api.Client.Tests.KoneApiTests" name="Test_Landing_Call_Up_Invalid_Direction" />
    </UnitTest>
    <UnitTest name="Kone.Api.Client.Tests.KoneApiTests.Test_Destination_Call_Invalid" storage="c:\gitrepos\smartface-integrations\src\koneapi\kone.api.client.tests\bin\debug\net8.0\kone.api.client.tests.dll" id="fa7bf363-5dcc-fa2f-66c4-180d0a0fa063">
      <Execution id="0872d9f2-74fe-4b35-a889-2871d119c901" />
      <TestMethod codeBase="C:\GitRepos\smartface-integrations\src\KoneApi\Kone.Api.Client.Tests\bin\Debug\net8.0\Kone.Api.Client.Tests.dll" adapterTypeName="executor://xunit/VsTestRunner2/netcoreapp" className="Kone.Api.Client.Tests.KoneApiTests" name="Test_Destination_Call_Invalid" />
    </UnitTest>
    <UnitTest name="Kone.Api.Client.Tests.KoneApiTests.Test_Landing_Call_Down_Successful" storage="c:\gitrepos\smartface-integrations\src\koneapi\kone.api.client.tests\bin\debug\net8.0\kone.api.client.tests.dll" id="8990d806-be94-edf2-c623-871ac7576e4e">
      <Execution id="0b708b53-e5bc-49ef-8646-9128c808a085" />
      <TestMethod codeBase="C:\GitRepos\smartface-integrations\src\KoneApi\Kone.Api.Client.Tests\bin\Debug\net8.0\Kone.Api.Client.Tests.dll" adapterTypeName="executor://xunit/VsTestRunner2/netcoreapp" className="Kone.Api.Client.Tests.KoneApiTests" name="Test_Landing_Call_Down_Successful" />
    </UnitTest>
    <UnitTest name="Kone.Api.Client.Tests.KoneApiTests.Test_Lift_Position_Successful" storage="c:\gitrepos\smartface-integrations\src\koneapi\kone.api.client.tests\bin\debug\net8.0\kone.api.client.tests.dll" id="37c1469f-570d-751a-07ca-a7278b0c223c">
      <Execution id="818b39ea-8c8f-4c44-a6c8-4fdad7d20236" />
      <TestMethod codeBase="C:\GitRepos\smartface-integrations\src\KoneApi\Kone.Api.Client.Tests\bin\Debug\net8.0\Kone.Api.Client.Tests.dll" adapterTypeName="executor://xunit/VsTestRunner2/netcoreapp" className="Kone.Api.Client.Tests.KoneApiTests" name="Test_Lift_Position_Successful" />
    </UnitTest>
    <UnitTest name="Kone.Api.Client.Tests.KoneApiTests.Test_Destination_Call_Successful" storage="c:\gitrepos\smartface-integrations\src\koneapi\kone.api.client.tests\bin\debug\net8.0\kone.api.client.tests.dll" id="637c6f7d-d4e5-70f8-57d9-4bd9219c53b3">
      <Execution id="536ab0d6-7293-4f73-9929-0e8200105dad" />
      <TestMethod codeBase="C:\GitRepos\smartface-integrations\src\KoneApi\Kone.Api.Client.Tests\bin\Debug\net8.0\Kone.Api.Client.Tests.dll" adapterTypeName="executor://xunit/VsTestRunner2/netcoreapp" className="Kone.Api.Client.Tests.KoneApiTests" name="Test_Destination_Call_Successful" />
    </UnitTest>
    <UnitTest name="Kone.Api.Client.Tests.KoneApiTests.Test_Auth_Get_Access_Token" storage="c:\gitrepos\smartface-integrations\src\koneapi\kone.api.client.tests\bin\debug\net8.0\kone.api.client.tests.dll" id="5498ceac-27c7-b7f3-0d03-500df18cde5c">
      <Execution id="30381a90-7416-4815-998b-75361e0f2172" />
      <TestMethod codeBase="C:\GitRepos\smartface-integrations\src\KoneApi\Kone.Api.Client.Tests\bin\Debug\net8.0\Kone.Api.Client.Tests.dll" adapterTypeName="executor://xunit/VsTestRunner2/netcoreapp" className="Kone.Api.Client.Tests.KoneApiTests" name="Test_Auth_Get_Access_Token" />
    </UnitTest>
    <UnitTest name="Kone.Api.Client.Tests.KoneApiTests.Test_Landing_Call_Down_Invalid_Direction" storage="c:\gitrepos\smartface-integrations\src\koneapi\kone.api.client.tests\bin\debug\net8.0\kone.api.client.tests.dll" id="11991792-9ffe-7108-a4c1-36f7a5f057f2">
      <Execution id="bb3490b9-6193-4426-b0e8-98b7409cd2f7" />
      <TestMethod codeBase="C:\GitRepos\smartface-integrations\src\KoneApi\Kone.Api.Client.Tests\bin\Debug\net8.0\Kone.Api.Client.Tests.dll" adapterTypeName="executor://xunit/VsTestRunner2/netcoreapp" className="Kone.Api.Client.Tests.KoneApiTests" name="Test_Landing_Call_Down_Invalid_Direction" />
    </UnitTest>
    <UnitTest name="Kone.Api.Client.Tests.KoneApiTests.Test_Auth_Get_Resources" storage="c:\gitrepos\smartface-integrations\src\koneapi\kone.api.client.tests\bin\debug\net8.0\kone.api.client.tests.dll" id="96a6e440-22af-2262-132b-efc4c9fe5227">
      <Execution id="a8bc114f-68f5-406e-80b0-e98b9dbbaa9c" />
      <TestMethod codeBase="C:\GitRepos\smartface-integrations\src\KoneApi\Kone.Api.Client.Tests\bin\Debug\net8.0\Kone.Api.Client.Tests.dll" adapterTypeName="executor://xunit/VsTestRunner2/netcoreapp" className="Kone.Api.Client.Tests.KoneApiTests" name="Test_Auth_Get_Resources" />
    </UnitTest>
    <UnitTest name="Kone.Api.Client.Tests.KoneApiTests.Test_Landing_Call_Up_Successful" storage="c:\gitrepos\smartface-integrations\src\koneapi\kone.api.client.tests\bin\debug\net8.0\kone.api.client.tests.dll" id="1f1ce7ae-db3a-4b78-1133-133d29796d4e">
      <Execution id="b5fef32a-1d6a-42e8-ba76-7d0db02406f9" />
      <TestMethod codeBase="C:\GitRepos\smartface-integrations\src\KoneApi\Kone.Api.Client.Tests\bin\Debug\net8.0\Kone.Api.Client.Tests.dll" adapterTypeName="executor://xunit/VsTestRunner2/netcoreapp" className="Kone.Api.Client.Tests.KoneApiTests" name="Test_Landing_Call_Up_Successful" />
    </UnitTest>
  </TestDefinitions>
  <TestEntries>
    <TestEntry testId="1f1ce7ae-db3a-4b78-1133-133d29796d4e" executionId="b5fef32a-1d6a-42e8-ba76-7d0db02406f9" testListId="8c84fa94-04c1-424b-9868-57a2d4851a1d" />
    <TestEntry testId="11991792-9ffe-7108-a4c1-36f7a5f057f2" executionId="bb3490b9-6193-4426-b0e8-98b7409cd2f7" testListId="8c84fa94-04c1-424b-9868-57a2d4851a1d" />
    <TestEntry testId="637c6f7d-d4e5-70f8-57d9-4bd9219c53b3" executionId="536ab0d6-7293-4f73-9929-0e8200105dad" testListId="8c84fa94-04c1-424b-9868-57a2d4851a1d" />
    <TestEntry testId="fa7bf363-5dcc-fa2f-66c4-180d0a0fa063" executionId="0872d9f2-74fe-4b35-a889-2871d119c901" testListId="8c84fa94-04c1-424b-9868-57a2d4851a1d" />
    <TestEntry testId="96a6e440-22af-2262-132b-efc4c9fe5227" executionId="a8bc114f-68f5-406e-80b0-e98b9dbbaa9c" testListId="8c84fa94-04c1-424b-9868-57a2d4851a1d" />
    <TestEntry testId="8990d806-be94-edf2-c623-871ac7576e4e" executionId="0b708b53-e5bc-49ef-8646-9128c808a085" testListId="8c84fa94-04c1-424b-9868-57a2d4851a1d" />
    <TestEntry testId="5498ceac-27c7-b7f3-0d03-500df18cde5c" executionId="30381a90-7416-4815-998b-75361e0f2172" testListId="8c84fa94-04c1-424b-9868-57a2d4851a1d" />
    <TestEntry testId="c390b9e1-1b6a-74c3-1f05-5e563774c7b5" executionId="44e5a313-27f6-4416-84ec-e2c2c18166f0" testListId="8c84fa94-04c1-424b-9868-57a2d4851a1d" />
    <TestEntry testId="69b2f85e-dad0-eb21-4c6c-9294c75fb023" executionId="785e6e30-895e-4f7f-9be4-c3d947ea97dc" testListId="8c84fa94-04c1-424b-9868-57a2d4851a1d" />
    <TestEntry testId="37c1469f-570d-751a-07ca-a7278b0c223c" executionId="818b39ea-8c8f-4c44-a6c8-4fdad7d20236" testListId="8c84fa94-04c1-424b-9868-57a2d4851a1d" />
  </TestEntries>
  <TestLists>
    <TestList name="Results Not in a List" id="8c84fa94-04c1-424b-9868-57a2d4851a1d" />
    <TestList name="All Loaded Results" id="19431567-8539-422a-85d7-44ee4e166bda" />
  </TestLists>
  <ResultSummary outcome="Completed">
    <Counters total="10" executed="10" passed="10" failed="0" error="0" timeout="0" aborted="0" inconclusive="0" passedButRunAborted="0" notRunnable="0" notExecuted="0" disconnected="0" warning="0" completed="0" inProgress="0" pending="0" />
    <Output>
      <StdOut>[xUnit.net 00:00:00.00] xUnit.net VSTest Adapter v2.5.3.1+6b60a9e56a (64-bit .NET 8.0.22)&#xD;
[xUnit.net 00:00:00.04]   Discovering: Kone.Api.Client.Tests&#xD;
[xUnit.net 00:00:00.07]   Discovered:  Kone.Api.Client.Tests&#xD;
[xUnit.net 00:00:00.07]   Starting:    Kone.Api.Client.Tests&#xD;
[xUnit.net 00:00:10.70]   Finished:    Kone.Api.Client.Tests&#xD;
</StdOut>
    </Output>
  </ResultSummary>
</TestRun>